Arguments: 
  C:\Program Files\nodejs\node.exe C:\Users\sckj\AppData\Roaming\npm\pnpm-global\5\node_modules\yarn\bin\yarn.js init

PATH: 
  C:\Program Files (x86)\Common Files\Siemens\ACE\Bin;C:\Program Files\Common Files\Siemens\Automation\Simatic OAM\bin;C:\Windows\system32;C:\Windows;C:\Windows\System32\Wbem;C:\Windows\System32\WindowsPowerShell\v1.0\;C:\Windows\System32\OpenSSH\;D:\java\jdk\jdk1.8.0_102\bin;D:\java\jdk\jdk1.8.0_102\bin;D:\java\apache-maven\apache-maven-3.3.9\bin;D:\java\apache-maven\apache-maven-3.3.9\bin;D:\java\ide\idea\bin;*:\java\ide\idea\bin;D:\download\Git\Git\cmd;C:\Program Files\MySQL\MySQL Server 8.0\bin;C:\MinGW\bin;C:\WINDOWS\system32;C:\WINDOWS;C:\WINDOWS\System32\Wbem;C:\WINDOWS\System32\WindowsPowerShell\v1.0\;C:\WINDOWS\System32\OpenSSH\;C:\Program Files (x86)\Microsoft SQL Server\Client SDK\ODBC\110\Tools\Binn\;C:\Program Files (x86)\Microsoft SQL Server\120\Tools\Binn\;C:\Program Files (x86)\Microsoft SQL Server\120\DTS\Binn\;C:\Program Files\nodejs\;C:\Users\sckj\AppData\Local\Programs\Python\Python39\Scripts\;C:\Users\sckj\AppData\Local\Programs\Python\Python39\;C:\Users\sckj\AppData\Local\Microsoft\WindowsApps;D:\download\Vscode\Microsoft VS Code\bin;C:\MinGW\bin;C:\Users\sckj\AppData\Local\GitHubDesktop\bin;C:\Python27;D:\迅雷下载\BaiduPCS-Go-v3.6.2_trans-windows-x64;C:\Users\sckj\AppData\Local\Yarn\Data\global\node_modules\.bin;C:\Program Files\MongoDB\Server\4.4\bin;C:\Users\sckj\AppData\Roaming\npm

Yarn version: 
  1.22.10

Node version: 
  16.3.0

Platform: 
  win32 x64

Trace: 
  Error: canceled
      at Interface.<anonymous> (C:\Users\sckj\AppData\Roaming\npm\pnpm-global\5\node_modules\.pnpm\yarn@1.22.10\node_modules\yarn\lib\cli.js:136216:13)
      at Interface.emit (node:events:394:28)
      at Interface._ttyWrite (node:readline:1069:16)
      at ReadStream.onkeypress (node:readline:288:10)
      at ReadStream.emit (node:events:394:28)
      at emitKeys (node:internal/readline/utils:358:14)
      at emitKeys.next (<anonymous>)
      at ReadStream.onData (node:internal/readline/emitKeypressEvents:61:36)
      at ReadStream.emit (node:events:394:28)
      at addChunk (node:internal/streams/readable:312:12)

npm manifest: 
  {
      "name": "koa-etag",
      "description": "ETag support for koa",
      "repository": "koajs/etag",
      "version": "4.0.0",
      "files": [
          "index.js"
      ],
      "scripts": {
          "lint": "eslint .",
          "test": "mocha --require should --exit",
          "precov": "rimraf .nyc_output coverage",
          "cov": "nyc npm run test",
          "ci": "npm run lint && npm run cov"
      },
      "keywords": [
          "koa",
          "middleware",
          "cache",
          "caching",
          "etag",
          "file",
          "static",
          "sendfile"
      ],
      "license": "MIT",
      "dependencies": {
          "etag": "^1.8.1"
      },
      "devDependencies": {
          "eslint": "^6.8.0",
          "eslint-config-standard": "^14.1.1",
          "eslint-plugin-import": "^2.22.0",
          "eslint-plugin-node": "^11.1.0",
          "eslint-plugin-promise": "^4.2.1",
          "eslint-plugin-standard": "^4.0.1",
          "koa": "^2.13.0",
          "mocha": "^8.1.3",
          "nyc": "^15.1.0",
          "rimraf": "^3.0.2",
          "should": "^13.2.3",
          "supertest": "^4.0.2"
      },
      "enignes": {
          "node": ">= 10"
      },
      "bugs": {
          "url": "https://github.com/koajs/etag/issues"
      },
      "homepage": "https://github.com/koajs/etag#readme"
  }

yarn manifest: 
  No manifest

Lockfile: 
  No lockfile
